Determining if the pthread_create exist failed with the following output:
Change Dir: /home/ubuntu/ROSPB/rospb_ws/build/CMakeFiles/CMakeTmp

Run Build Command:"/usr/bin/make" "cmTC_886c8/fast"
/usr/bin/make -f CMakeFiles/cmTC_886c8.dir/build.make CMakeFiles/cmTC_886c8.dir/build
make[1]: Entering directory '/home/ubuntu/ROSPB/rospb_ws/build/CMakeFiles/CMakeTmp'
Building C object CMakeFiles/cmTC_886c8.dir/CheckSymbolExists.c.o
/usr/bin/cc     -o CMakeFiles/cmTC_886c8.dir/CheckSymbolExists.c.o   -c /home/ubuntu/ROSPB/rospb_ws/build/CMakeFiles/CMakeTmp/CheckSymbolExists.c
Linking C executable cmTC_886c8
/usr/bin/cmake -E cmake_link_script CMakeFiles/cmTC_886c8.dir/link.txt --verbose=1
/usr/bin/cc       CMakeFiles/cmTC_886c8.dir/CheckSymbolExists.c.o  -o cmTC_886c8 -rdynamic 
CMakeFiles/cmTC_886c8.dir/CheckSymbolExists.c.o: In function `main':
CheckSymbolExists.c:(.text+0xe): undefined reference to `pthread_create'
CheckSymbolExists.c:(.text+0x12): undefined reference to `pthread_create'
collect2: error: ld returned 1 exit status
CMakeFiles/cmTC_886c8.dir/build.make:97: recipe for target 'cmTC_886c8' failed
make[1]: *** [cmTC_886c8] Error 1
make[1]: Leaving directory '/home/ubuntu/ROSPB/rospb_ws/build/CMakeFiles/CMakeTmp'
Makefile:126: recipe for target 'cmTC_886c8/fast' failed
make: *** [cmTC_886c8/fast] Error 2

File /home/ubuntu/ROSPB/rospb_ws/build/CMakeFiles/CMakeTmp/CheckSymbolExists.c:
/* */
#include <pthread.h>

int main(int argc, char** argv)
{
  (void)argv;
#ifndef pthread_create
  return ((int*)(&pthread_create))[argc];
#else
  (void)argc;
  return 0;
#endif
}

Determining if the function pthread_create exists in the pthreads failed with the following output:
Change Dir: /home/ubuntu/ROSPB/rospb_ws/build/CMakeFiles/CMakeTmp

Run Build Command:"/usr/bin/make" "cmTC_e775f/fast"
/usr/bin/make -f CMakeFiles/cmTC_e775f.dir/build.make CMakeFiles/cmTC_e775f.dir/build
make[1]: Entering directory '/home/ubuntu/ROSPB/rospb_ws/build/CMakeFiles/CMakeTmp'
Building C object CMakeFiles/cmTC_e775f.dir/CheckFunctionExists.c.o
/usr/bin/cc    -DCHECK_FUNCTION_EXISTS=pthread_create   -o CMakeFiles/cmTC_e775f.dir/CheckFunctionExists.c.o   -c /usr/share/cmake-3.5/Modules/CheckFunctionExists.c
Linking C executable cmTC_e775f
/usr/bin/cmake -E cmake_link_script CMakeFiles/cmTC_e775f.dir/link.txt --verbose=1
/usr/bin/cc   -DCHECK_FUNCTION_EXISTS=pthread_create    CMakeFiles/cmTC_e775f.dir/CheckFunctionExists.c.o  -o cmTC_e775f -rdynamic -lpthreads 
/usr/bin/ld: cannot find -lpthreads
collect2: error: ld returned 1 exit status
CMakeFiles/cmTC_e775f.dir/build.make:97: recipe for target 'cmTC_e775f' failed
make[1]: *** [cmTC_e775f] Error 1
make[1]: Leaving directory '/home/ubuntu/ROSPB/rospb_ws/build/CMakeFiles/CMakeTmp'
Makefile:126: recipe for target 'cmTC_e775f/fast' failed
make: *** [cmTC_e775f/fast] Error 2


